<?xml version="1.0" encoding="UTF-8"?>
<!-- Generated by org.testng.reporters.JUnitXMLReporter -->
<testsuite ignored="2" hostname="MyLenevo1208" failures="1" tests="3" name="OrangeHRMTest" time="174.177" errors="0" timestamp="2025-10-05T01:28:10 IST">
  <testcase classname="com.orangehrm.test.DummyTest" name="dummyTest" time="0.672"/>
  <testcase classname="com.orangehrm.test.DummyTest2" name="dummyTest2" time="1.949"/>
  <testcase classname="com.orangehrm.test.LoginPageTest" name="verifyValidLogin" time="54.328">
    <failure type="java.lang.AssertionError" message="OrangeHRM logo is visible after successful login. expected [true] but found [false]">
      <![CDATA[java.lang.AssertionError: OrangeHRM logo is visible after successful login. expected [true] but found [false]
at com.orangehrm.test.LoginPageTest.verifyValidLogin(LoginPageTest.java:26)
at java.base/java.util.ArrayList.forEach(ArrayList.java:1511)
... Removed 30 stack frames]]>
    </failure>
  </testcase> <!-- verifyValidLogin -->
  <testcase classname="com.orangehrm.base.BaseClass" name="@BeforeSuite loadConfig" time="0.0">
    <ignored/>
  </testcase> <!-- @BeforeSuite loadConfig -->
  <testcase classname="com.orangehrm.base.BaseClass" name="@BeforeSuite loadConfig" time="0.0">
    <ignored/>
  </testcase> <!-- @BeforeSuite loadConfig -->
</testsuite> <!-- OrangeHRMTest -->
